<?xml version="1.0" encoding="UTF-8"?>
<!-- Generated by org.testng.reporters.JUnitXMLReporter -->
<testsuite ignored="0" hostname="Vipin99Lappi" failures="0" tests="15" name="Default test" time="144.787" errors="0" timestamp="2023-07-21T11:10:56 IST">
  <testcase classname="Runner.test_launch_page" name="test_launch_site" time="3.721"/>
  <testcase classname="Runner.test_launch_page" name="test_customerLoginbtn" time="13.149"/>
  <testcase classname="Runner.test_launch_page" name="Test_BankmanagerLoginbtn" time="13.105"/>
  <testcase classname="Runner.test_user_oprations" name="costomer_login_oprations" time="25.844"/>
  <testcase classname="Runner.test_user_oprations" name="depoit_opration" time="12.293"/>
  <testcase classname="Runner.test_user_oprations" name="withdrawl_Opration" time="16.251"/>
  <testcase classname="Runner.test_user_oprations" name="test_transactions" time="11.281"/>
  <testcase classname="Runner.test_user_logoutOprations" name="Click_on_logout_by_customer" time="0.105"/>
  <testcase classname="Runner.test_Bank_manager_oprations" name="click_bankManagerLogin" time="0.065"/>
  <testcase classname="Runner.test_Bank_manager_oprations" name="test_addCustomer" time="15.455"/>
  <testcase classname="Runner.test_Bank_manager_oprations" name="test_addcustomer" time="5.292"/>
  <testcase classname="Runner.test_Bank_manager_oprations" name="test_currency" time="3.232"/>
  <testcase classname="Runner.test_Bank_manager_oprations" name="click_process" time="3.078"/>
  <testcase classname="Runner.test_Bank_manager_oprations" name="click_customers" time="0.077"/>
  <testcase classname="Runner.test_Bank_manager_oprations" name="entercustomer_to_search" time="8.65"/>
</testsuite> <!-- Default test -->
