<?xml version="1.0" encoding="UTF-8"?>
<!-- Generated by org.testng.reporters.JUnitXMLReporter -->
<testsuite ignored="0" hostname="Vipin99Lappi" failures="2" tests="3" name="Edgetest" time="5.959" errors="0" timestamp="2023-07-08T17:22:00 IST">
  <testcase classname="Runner_class.Test_run_testng" name="test1" time="0.0"/>
  <testcase classname="TestNg_tests.TestCases" name="verifyTitle" time="0.0">
    <failure type="java.lang.NullPointerException" message="Cannot invoke &amp;quot;BaseAddressPOM.base.Verify_Title()&amp;quot; because &amp;quot;this.t&amp;quot; is null">
      <![CDATA[java.lang.NullPointerException: Cannot invoke "BaseAddressPOM.base.Verify_Title()" because "this.t" is null
at TestNg_tests.TestCases.verifyTitle(TestCases.java:26)
at java.base/java.util.ArrayList.forEach(ArrayList.java:1511)
... Removed 27 stack frames]]>
    </failure>
  </testcase> <!-- verifyTitle -->
  <testcase classname="TestNg_tests.TestCases" name="verifyUrl" time="0.008">
    <failure type="java.lang.NullPointerException" message="Cannot invoke &amp;quot;BaseAddressPOM.base.Verify_URL()&amp;quot; because &amp;quot;this.t&amp;quot; is null">
      <![CDATA[java.lang.NullPointerException: Cannot invoke "BaseAddressPOM.base.Verify_URL()" because "this.t" is null
at TestNg_tests.TestCases.verifyUrl(TestCases.java:19)
at java.base/java.util.ArrayList.forEach(ArrayList.java:1511)
... Removed 27 stack frames]]>
    </failure>
  </testcase> <!-- verifyUrl -->
</testsuite> <!-- Edgetest -->
