<?xml version="1.0" encoding="UTF-8"?>
<!-- Generated by org.testng.reporters.JUnitXMLReporter -->
<testsuite ignored="0" hostname="Vipin99Lappi" failures="0" tests="33" name="Test" time="366.159" errors="0" timestamp="2023-07-21T13:50:23 IST">
  <testcase classname="Runner.test_launch_page" name="test_launch_site" time="4.149"/>
  <testcase classname="Runner.test_launch_page" name="test_customerLoginbtn" time="13.132"/>
  <testcase classname="Runner.test_launch_page" name="Test_BankmanagerLoginbtn" time="13.119"/>
  <testcase classname="Runner.test_user_oprations" name="costomer_login_oprations" time="25.885"/>
  <testcase classname="Runner.test_user_oprations" name="depoit_opration" time="12.347"/>
  <testcase classname="Runner.test_user_oprations" name="withdrawl_Opration" time="16.29"/>
  <testcase classname="Runner.test_user_oprations" name="test_transactions" time="11.269"/>
  <testcase classname="Runner.test_launch_page" name="test_launch_site" time="2.475"/>
  <testcase classname="Runner.test_launch_page" name="test_customerLoginbtn" time="13.123"/>
  <testcase classname="Runner.test_launch_page" name="Test_BankmanagerLoginbtn" time="13.115"/>
  <testcase classname="Runner.test_launch_page" name="test_launch_site" time="5.315"/>
  <testcase classname="Runner.test_launch_page" name="test_customerLoginbtn" time="13.139"/>
  <testcase classname="Runner.test_launch_page" name="Test_BankmanagerLoginbtn" time="13.121"/>
  <testcase classname="Runner.test_user_oprations" name="costomer_login_oprations" time="25.804"/>
  <testcase classname="Runner.test_user_oprations" name="depoit_opration" time="12.264"/>
  <testcase classname="Runner.test_user_oprations" name="withdrawl_Opration" time="16.265"/>
  <testcase classname="Runner.test_user_oprations" name="test_transactions" time="11.28"/>
  <testcase classname="Runner.test_user_logoutOprations" name="Click_on_logout_by_customer" time="0.106"/>
  <testcase classname="Runner.test_launch_page" name="test_launch_site" time="2.682"/>
  <testcase classname="Runner.test_launch_page" name="test_customerLoginbtn" time="13.13"/>
  <testcase classname="Runner.test_launch_page" name="Test_BankmanagerLoginbtn" time="13.119"/>
  <testcase classname="Runner.test_user_oprations" name="costomer_login_oprations" time="25.814"/>
  <testcase classname="Runner.test_user_oprations" name="depoit_opration" time="12.31"/>
  <testcase classname="Runner.test_user_oprations" name="withdrawl_Opration" time="16.267"/>
  <testcase classname="Runner.test_user_oprations" name="test_transactions" time="11.262"/>
  <testcase classname="Runner.test_user_logoutOprations" name="Click_on_logout_by_customer" time="0.105"/>
  <testcase classname="Runner.test_Bank_manager_oprations" name="click_bankManagerLogin" time="0.055"/>
  <testcase classname="Runner.test_Bank_manager_oprations" name="test_addCustomer" time="15.464"/>
  <testcase classname="Runner.test_Bank_manager_oprations" name="test_addcustomer" time="5.274"/>
  <testcase classname="Runner.test_Bank_manager_oprations" name="test_currency" time="3.221"/>
  <testcase classname="Runner.test_Bank_manager_oprations" name="click_process" time="3.071"/>
  <testcase classname="Runner.test_Bank_manager_oprations" name="click_customers" time="0.09"/>
  <testcase classname="Runner.test_Bank_manager_oprations" name="entercustomer_to_search" time="8.866"/>
</testsuite> <!-- Test -->
