<?xml version="1.0" encoding="UTF-8"?>
<!-- Generated by org.testng.reporters.JUnitXMLReporter -->
<testsuite ignored="0" hostname="Vipin99Lappi" failures="0" tests="15" name="Test" time="147.961" errors="0" timestamp="2023-07-19T23:46:57 IST">
  <testcase classname="Runner.test_launch_page" name="test_launch_site" time="4.725"/>
  <testcase classname="Runner.test_launch_page" name="test_customerLoginbtn" time="13.235"/>
  <testcase classname="Runner.test_launch_page" name="Test_BankmanagerLoginbtn" time="13.177"/>
  <testcase classname="Runner.test_user_oprations" name="costomer_login_oprations" time="26.415"/>
  <testcase classname="Runner.test_user_oprations" name="depoit_opration" time="12.461"/>
  <testcase classname="Runner.test_user_oprations" name="withdrawl_Opration" time="16.401"/>
  <testcase classname="Runner.test_user_oprations" name="test_transactions" time="11.458"/>
  <testcase classname="Runner.test_user_logoutOprations" name="Click_on_logout_by_customer" time="0.198"/>
  <testcase classname="Runner.test_Bank_manager_oprations" name="click_bankManagerLogin" time="0.095"/>
  <testcase classname="Runner.test_Bank_manager_oprations" name="test_addCustomer" time="15.73"/>
  <testcase classname="Runner.test_Bank_manager_oprations" name="test_addcustomer" time="5.486"/>
  <testcase classname="Runner.test_Bank_manager_oprations" name="test_currency" time="3.364"/>
  <testcase classname="Runner.test_Bank_manager_oprations" name="click_process" time="3.109"/>
  <testcase classname="Runner.test_Bank_manager_oprations" name="click_customers" time="0.092"/>
  <testcase classname="Runner.test_Bank_manager_oprations" name="entercustomer_to_search" time="8.686"/>
</testsuite> <!-- Test -->
