<?xml version="1.0" encoding="UTF-8"?>
<testng-results ignored="0" total="15" passed="15" failed="0" skipped="0">
  <reporter-output>
  </reporter-output>
  <suite started-at="2023-07-28T00:05:48 IST" name="XYZBANKSuite" finished-at="2023-07-28T00:08:19 IST" duration-ms="150352">
    <groups>
    </groups>
    <test started-at="2023-07-28T00:05:48 IST" name="XYZBANKTest" finished-at="2023-07-28T00:08:19 IST" duration-ms="150352">
      <class name="Runner.test_Bank_manager_oprations">
        <test-method is-config="true" signature="launch_page_verification_started()[pri:0, instance:Runner.test_Bank_manager_oprations@5f049ea1]" started-at="2023-07-28T00:05:48 IST" name="launch_page_verification_started" finished-at="2023-07-28T00:05:54 IST" duration-ms="5315" status="PASS">
          <reporter-output>
          </reporter-output>
        </test-method> <!-- launch_page_verification_started -->
        <test-method signature="test_launch_site()[pri:0, instance:Runner.test_Bank_manager_oprations@5f049ea1]" started-at="2023-07-28T00:05:54 IST" name="test_launch_site" description="launching the Browser" finished-at="2023-07-28T00:05:54 IST" duration-ms="38" status="PASS">
          <reporter-output>
          </reporter-output>
        </test-method> <!-- test_launch_site -->
        <test-method signature="test_customerLoginbtn()[pri:1, instance:Runner.test_Bank_manager_oprations@5f049ea1]" started-at="2023-07-28T00:05:54 IST" name="test_customerLoginbtn" description="Testing customer button" finished-at="2023-07-28T00:06:07 IST" duration-ms="13267" status="PASS">
          <reporter-output>
          </reporter-output>
        </test-method> <!-- test_customerLoginbtn -->
        <test-method signature="Test_BankmanagerLoginbtn()[pri:2, instance:Runner.test_Bank_manager_oprations@5f049ea1]" started-at="2023-07-28T00:06:07 IST" name="Test_BankmanagerLoginbtn" description="Testing bank manager Login button" finished-at="2023-07-28T00:06:20 IST" duration-ms="13203" status="PASS">
          <reporter-output>
          </reporter-output>
        </test-method> <!-- Test_BankmanagerLoginbtn -->
        <test-method signature="costomer_login_oprations()[pri:3, instance:Runner.test_Bank_manager_oprations@5f049ea1]" started-at="2023-07-28T00:06:20 IST" name="costomer_login_oprations" description="Customer Login Oprations Testing" finished-at="2023-07-28T00:06:47 IST" duration-ms="26504" status="PASS">
          <reporter-output>
          </reporter-output>
        </test-method> <!-- costomer_login_oprations -->
        <test-method signature="depoit_opration()[pri:4, instance:Runner.test_Bank_manager_oprations@5f049ea1]" started-at="2023-07-28T00:06:47 IST" name="depoit_opration" description="verify Deposit opration" finished-at="2023-07-28T00:06:59 IST" duration-ms="12565" status="PASS">
          <reporter-output>
          </reporter-output>
        </test-method> <!-- depoit_opration -->
        <test-method signature="withdrawl_Opration()[pri:5, instance:Runner.test_Bank_manager_oprations@5f049ea1]" started-at="2023-07-28T00:06:59 IST" name="withdrawl_Opration" description="verify Withdrawl oprations sucess" finished-at="2023-07-28T00:07:16 IST" duration-ms="16501" status="PASS">
          <reporter-output>
          </reporter-output>
        </test-method> <!-- withdrawl_Opration -->
        <test-method signature="test_transactions()[pri:6, instance:Runner.test_Bank_manager_oprations@5f049ea1]" started-at="2023-07-28T00:07:16 IST" name="test_transactions" description="Test Transactions menu sucessfully Tested" finished-at="2023-07-28T00:07:27 IST" duration-ms="11516" status="PASS">
          <reporter-output>
          </reporter-output>
        </test-method> <!-- test_transactions -->
        <test-method signature="Click_on_logout_by_customer()[pri:7, instance:Runner.test_Bank_manager_oprations@5f049ea1]" started-at="2023-07-28T00:07:27 IST" name="Click_on_logout_by_customer" description="Customer is logging out" finished-at="2023-07-28T00:07:28 IST" duration-ms="200" status="PASS">
          <reporter-output>
          </reporter-output>
        </test-method> <!-- Click_on_logout_by_customer -->
        <test-method signature="click_bankManagerLogin()[pri:8, instance:Runner.test_Bank_manager_oprations@5f049ea1]" started-at="2023-07-28T00:07:28 IST" name="click_bankManagerLogin" description="Bank Manager Opration Testing Started" finished-at="2023-07-28T00:07:28 IST" duration-ms="102" status="PASS">
          <reporter-output>
          </reporter-output>
        </test-method> <!-- click_bankManagerLogin -->
        <test-method signature="test_addCustomer()[pri:9, instance:Runner.test_Bank_manager_oprations@5f049ea1]" started-at="2023-07-28T00:07:28 IST" name="test_addCustomer" description="Add customer opration testing Started" finished-at="2023-07-28T00:07:43 IST" duration-ms="15760" status="PASS">
          <reporter-output>
          </reporter-output>
        </test-method> <!-- test_addCustomer -->
        <test-method signature="test_addcustomer()[pri:10, instance:Runner.test_Bank_manager_oprations@5f049ea1]" started-at="2023-07-28T00:07:43 IST" name="test_addcustomer" description="Test open Account" finished-at="2023-07-28T00:07:49 IST" duration-ms="5495" status="PASS">
          <reporter-output>
          </reporter-output>
        </test-method> <!-- test_addcustomer -->
        <test-method signature="test_currency()[pri:11, instance:Runner.test_Bank_manager_oprations@5f049ea1]" started-at="2023-07-28T00:07:49 IST" name="test_currency" description="Test currency" finished-at="2023-07-28T00:07:52 IST" duration-ms="3345" status="PASS">
          <reporter-output>
          </reporter-output>
        </test-method> <!-- test_currency -->
        <test-method signature="click_process()[pri:12, instance:Runner.test_Bank_manager_oprations@5f049ea1]" started-at="2023-07-28T00:07:52 IST" name="click_process" description="click process" finished-at="2023-07-28T00:07:55 IST" duration-ms="3095" status="PASS">
          <reporter-output>
          </reporter-output>
        </test-method> <!-- click_process -->
        <test-method signature="click_customers()[pri:13, instance:Runner.test_Bank_manager_oprations@5f049ea1]" started-at="2023-07-28T00:07:55 IST" name="click_customers" description="click on customers" finished-at="2023-07-28T00:07:55 IST" duration-ms="93" status="PASS">
          <reporter-output>
          </reporter-output>
        </test-method> <!-- click_customers -->
        <test-method signature="entercustomer_to_search()[pri:14, instance:Runner.test_Bank_manager_oprations@5f049ea1]" started-at="2023-07-28T00:07:55 IST" name="entercustomer_to_search" description="enter customer name" finished-at="2023-07-28T00:08:06 IST" duration-ms="10060" status="PASS">
          <reporter-output>
          </reporter-output>
        </test-method> <!-- entercustomer_to_search -->
        <test-method is-config="true" signature="launch_page_verification_ended()[pri:0, instance:Runner.test_Bank_manager_oprations@5f049ea1]" started-at="2023-07-28T00:08:06 IST" name="launch_page_verification_ended" finished-at="2023-07-28T00:08:19 IST" duration-ms="13142" status="PASS">
          <reporter-output>
          </reporter-output>
        </test-method> <!-- launch_page_verification_ended -->
      </class> <!-- Runner.test_Bank_manager_oprations -->
    </test> <!-- XYZBANKTest -->
  </suite> <!-- XYZBANKSuite -->
</testng-results>
