<?xml version="1.0" encoding="UTF-8"?>
<!-- Generated by org.testng.reporters.JUnitReportReporter -->
<testsuite hostname="Vipin99Lappi" failures="0" tests="3" name="Runner.test_launch_page" time="28.713" errors="0" timestamp="2023-07-21T13:50:23 IST" skipped="0">
  <testcase classname="Runner.test_launch_page" name="test_launch_site" time="2.475"/>
  <testcase classname="Runner.test_launch_page" name="test_customerLoginbtn" time="13.123"/>
  <testcase classname="Runner.test_launch_page" name="Test_BankmanagerLoginbtn" time="13.115"/>
</testsuite> <!-- Runner.test_launch_page -->
